<?xml version="1.0" encoding="UTF-8"?>
<!-- Generated by org.testng.reporters.JUnitXMLReporter -->
<testsuite ignored="0" hostname="SRDB" failures="1" tests="2" name="Test" time="0.04" errors="0" timestamp="2021-06-25T12:57:02 IST">
  <testcase classname="selenium.testng.NoonSeleniumTestNG.AppTest" name="testAdd" time="0.004"/>
  <testcase classname="selenium.testng.NoonSeleniumTestNG.AppTest" name="testOutCome" time="0.001">
    <failure type="java.lang.AssertionError" message="expected [9] but found [6]">
      <![CDATA[java.lang.AssertionError: expected [9] but found [6]
at selenium.testng.NoonSeleniumTestNG.AppTest.testOutCome(AppTest.java:55)
at java.base/java.util.ArrayList.forEach(ArrayList.java:1511)
... Removed 31 stack frames]]>
    </failure>
  </testcase> <!-- testOutCome -->
</testsuite> <!-- Test -->
