<?xml version="1.0" encoding="UTF-8"?>
<testng-results ignored="0" total="2" passed="1" failed="1" skipped="0">
  <reporter-output>
  </reporter-output>
  <suite started-at="2021-06-24T13:34:14 IST" name="Default suite" finished-at="2021-06-24T13:34:14 IST" duration-ms="42">
    <groups>
    </groups>
    <test started-at="2021-06-24T13:34:14 IST" name="Default test" finished-at="2021-06-24T13:34:14 IST" duration-ms="42">
      <class name="selenium.testng.NoonSeleniumTestNG.AppTest">
        <test-method is-config="true" signature="eclairs()[pri:0, instance:selenium.testng.NoonSeleniumTestNG.AppTest@3fb1549b]" started-at="2021-06-24T13:34:14 IST" name="eclairs" finished-at="2021-06-24T13:34:14 IST" duration-ms="10" status="PASS">
          <reporter-output>
          </reporter-output>
        </test-method> <!-- eclairs -->
        <test-method is-config="true" signature="icecream()[pri:0, instance:selenium.testng.NoonSeleniumTestNG.AppTest@3fb1549b]" started-at="2021-06-24T13:34:14 IST" name="icecream" finished-at="2021-06-24T13:34:14 IST" duration-ms="0" status="PASS">
          <reporter-output>
          </reporter-output>
        </test-method> <!-- icecream -->
        <test-method is-config="true" signature="cupcake()[pri:0, instance:selenium.testng.NoonSeleniumTestNG.AppTest@3fb1549b]" started-at="2021-06-24T13:34:14 IST" name="cupcake" finished-at="2021-06-24T13:34:14 IST" duration-ms="1" status="PASS">
          <reporter-output>
          </reporter-output>
        </test-method> <!-- cupcake -->
        <test-method is-config="true" signature="froyo()[pri:0, instance:selenium.testng.NoonSeleniumTestNG.AppTest@3fb1549b]" started-at="2021-06-24T13:34:14 IST" name="froyo" finished-at="2021-06-24T13:34:14 IST" duration-ms="0" status="PASS">
          <reporter-output>
          </reporter-output>
        </test-method> <!-- froyo -->
        <test-method signature="testAdd()[pri:0, instance:selenium.testng.NoonSeleniumTestNG.AppTest@3fb1549b]" started-at="2021-06-24T13:34:14 IST" name="testAdd" finished-at="2021-06-24T13:34:14 IST" duration-ms="6" status="PASS">
          <reporter-output>
          </reporter-output>
        </test-method> <!-- testAdd -->
        <test-method is-config="true" signature="gingerbread()[pri:0, instance:selenium.testng.NoonSeleniumTestNG.AppTest@3fb1549b]" started-at="2021-06-24T13:34:14 IST" name="gingerbread" finished-at="2021-06-24T13:34:14 IST" duration-ms="1" status="PASS">
          <reporter-output>
          </reporter-output>
        </test-method> <!-- gingerbread -->
        <test-method signature="testOutCome()[pri:0, instance:selenium.testng.NoonSeleniumTestNG.AppTest@3fb1549b]" started-at="2021-06-24T13:34:14 IST" name="testOutCome" finished-at="2021-06-24T13:34:14 IST" duration-ms="3" status="FAIL">
          <exception class="java.lang.AssertionError">
            <message>
              <![CDATA[expected [9] but found [6]]]>
            </message>
            <full-stacktrace>
              <![CDATA[java.lang.AssertionError: expected [9] but found [6]
at org.testng.Assert.fail(Assert.java:99)
at org.testng.Assert.failNotSame(Assert.java:1033)
at org.testng.Assert.assertSame(Assert.java:981)
at org.testng.Assert.assertSame(Assert.java:992)
at selenium.testng.NoonSeleniumTestNG.AppTest.testOutCome(AppTest.java:55)
at java.base/jdk.internal.reflect.NativeMethodAccessorImpl.invoke0(Native Method)
at java.base/jdk.internal.reflect.NativeMethodAccessorImpl.invoke(NativeMethodAccessorImpl.java:64)
at java.base/jdk.internal.reflect.DelegatingMethodAccessorImpl.invoke(DelegatingMethodAccessorImpl.java:43)
at java.base/java.lang.reflect.Method.invoke(Method.java:564)
at org.testng.internal.MethodInvocationHelper.invokeMethod(MethodInvocationHelper.java:133)
at org.testng.internal.TestInvoker.invokeMethod(TestInvoker.java:598)
at org.testng.internal.TestInvoker.invokeTestMethod(TestInvoker.java:173)
at org.testng.internal.MethodRunner.runInSequence(MethodRunner.java:46)
at org.testng.internal.TestInvoker$MethodInvocationAgent.invoke(TestInvoker.java:824)
at org.testng.internal.TestInvoker.invokeTestMethods(TestInvoker.java:146)
at org.testng.internal.TestMethodWorker.invokeTestMethods(TestMethodWorker.java:146)
at org.testng.internal.TestMethodWorker.run(TestMethodWorker.java:128)
at java.base/java.util.ArrayList.forEach(ArrayList.java:1511)
at org.testng.TestRunner.privateRun(TestRunner.java:794)
at org.testng.TestRunner.run(TestRunner.java:596)
at org.testng.SuiteRunner.runTest(SuiteRunner.java:377)
at org.testng.SuiteRunner.runSequentially(SuiteRunner.java:371)
at org.testng.SuiteRunner.privateRun(SuiteRunner.java:332)
at org.testng.SuiteRunner.run(SuiteRunner.java:276)
at org.testng.SuiteRunnerWorker.runSuite(SuiteRunnerWorker.java:53)
at org.testng.SuiteRunnerWorker.run(SuiteRunnerWorker.java:96)
at org.testng.TestNG.runSuitesSequentially(TestNG.java:1212)
at org.testng.TestNG.runSuitesLocally(TestNG.java:1134)
at org.testng.TestNG.runSuites(TestNG.java:1063)
at org.testng.TestNG.run(TestNG.java:1031)
at org.testng.remote.AbstractRemoteTestNG.run(AbstractRemoteTestNG.java:115)
at org.testng.remote.RemoteTestNG.initAndRun(RemoteTestNG.java:251)
at org.testng.remote.RemoteTestNG.main(RemoteTestNG.java:77)
]]>
            </full-stacktrace>
          </exception> <!-- java.lang.AssertionError -->
          <reporter-output>
          </reporter-output>
        </test-method> <!-- testOutCome -->
        <test-method is-config="true" signature="froyo()[pri:0, instance:selenium.testng.NoonSeleniumTestNG.AppTest@3fb1549b]" started-at="2021-06-24T13:34:14 IST" name="froyo" finished-at="2021-06-24T13:34:14 IST" duration-ms="0" status="PASS">
          <reporter-output>
          </reporter-output>
        </test-method> <!-- froyo -->
        <test-method is-config="true" signature="gingerbread()[pri:0, instance:selenium.testng.NoonSeleniumTestNG.AppTest@3fb1549b]" started-at="2021-06-24T13:34:14 IST" name="gingerbread" finished-at="2021-06-24T13:34:14 IST" duration-ms="0" status="PASS">
          <reporter-output>
          </reporter-output>
        </test-method> <!-- gingerbread -->
        <test-method is-config="true" signature="jellybean()[pri:0, instance:selenium.testng.NoonSeleniumTestNG.AppTest@3fb1549b]" started-at="2021-06-24T13:34:14 IST" name="jellybean" finished-at="2021-06-24T13:34:14 IST" duration-ms="0" status="PASS">
          <reporter-output>
          </reporter-output>
        </test-method> <!-- jellybean -->
        <test-method is-config="true" signature="apple()[pri:0, instance:selenium.testng.NoonSeleniumTestNG.AppTest@3fb1549b]" started-at="2021-06-24T13:34:14 IST" name="apple" finished-at="2021-06-24T13:34:14 IST" duration-ms="2" status="PASS">
          <reporter-output>
          </reporter-output>
        </test-method> <!-- apple -->
      </class> <!-- selenium.testng.NoonSeleniumTestNG.AppTest -->
    </test> <!-- Default test -->
  </suite> <!-- Default suite -->
</testng-results>
